I, [2014-01-16T21:29:30.850320 #9806]  INFO -- : Started GET "/" for 127.0.0.1 at 2014-01-16 21:29:30 +0530
I, [2014-01-16T21:29:30.857286 #9806]  INFO -- : Processing by StaticPagesController#home as HTML
I, [2014-01-16T21:29:30.860990 #9806]  INFO -- :   Rendered static_pages/home.html.erb within layouts/application (1.1ms)
I, [2014-01-16T21:29:30.896542 #9806]  INFO -- :   Rendered layouts/_shim.html.erb (1.1ms)
I, [2014-01-16T21:29:30.898748 #9806]  INFO -- :   Rendered layouts/_header.html.erb (1.1ms)
I, [2014-01-16T21:29:30.901956 #9806]  INFO -- :   Rendered layouts/_footer.html.erb (0.8ms)
I, [2014-01-16T21:29:30.902670 #9806]  INFO -- : Completed 200 OK in 45ms (Views: 44.2ms | ActiveRecord: 0.0ms)
I, [2014-01-16T21:29:30.947989 #9806]  INFO -- : Started GET "/assets/application-bb7646d9ffeacfd960a576001feb8b35.css" for 127.0.0.1 at 2014-01-16 21:29:30 +0530
F, [2014-01-16T21:29:30.949550 #9806] FATAL -- : 
ActionController::RoutingError (No route matches [GET] "/assets/application-bb7646d9ffeacfd960a576001feb8b35.css"):
  actionpack (4.0.2) lib/action_dispatch/middleware/debug_exceptions.rb:21:in `call'
  actionpack (4.0.2) lib/action_dispatch/middleware/show_exceptions.rb:30:in `call'
  railties (4.0.2) lib/rails/rack/logger.rb:38:in `call_app'
  railties (4.0.2) lib/rails/rack/logger.rb:20:in `block in call'
  activesupport (4.0.2) lib/active_support/tagged_logging.rb:67:in `block in tagged'
  activesupport (4.0.2) lib/active_support/tagged_logging.rb:25:in `tagged'
  activesupport (4.0.2) lib/active_support/tagged_logging.rb:67:in `tagged'
  railties (4.0.2) lib/rails/rack/logger.rb:20:in `call'
  actionpack (4.0.2) lib/action_dispatch/middleware/request_id.rb:21:in `call'
  rack (1.5.2) lib/rack/methodoverride.rb:21:in `call'
  rack (1.5.2) lib/rack/runtime.rb:17:in `call'
  activesupport (4.0.2) lib/active_support/cache/strategy/local_cache.rb:83:in `call'
  rack (1.5.2) lib/rack/sendfile.rb:112:in `call'
  railties (4.0.2) lib/rails/engine.rb:511:in `call'
  railties (4.0.2) lib/rails/application.rb:97:in `call'
  rack (1.5.2) lib/rack/lock.rb:17:in `call'
  rack (1.5.2) lib/rack/content_length.rb:14:in `call'
  rack (1.5.2) lib/rack/handler/webrick.rb:60:in `service'
  /home/sreenivas/.rvm/rubies/ruby-2.0.0-p353/lib/ruby/2.0.0/webrick/httpserver.rb:138:in `service'
  /home/sreenivas/.rvm/rubies/ruby-2.0.0-p353/lib/ruby/2.0.0/webrick/httpserver.rb:94:in `run'
  /home/sreenivas/.rvm/rubies/ruby-2.0.0-p353/lib/ruby/2.0.0/webrick/server.rb:295:in `block in start_thread'


I, [2014-01-16T21:29:30.957376 #9806]  INFO -- : Started GET "/assets/application-203fa8a733a4359e772c926d75307182.js" for 127.0.0.1 at 2014-01-16 21:29:30 +0530
F, [2014-01-16T21:29:30.958925 #9806] FATAL -- : 
ActionController::RoutingError (No route matches [GET] "/assets/application-203fa8a733a4359e772c926d75307182.js"):
  actionpack (4.0.2) lib/action_dispatch/middleware/debug_exceptions.rb:21:in `call'
  actionpack (4.0.2) lib/action_dispatch/middleware/show_exceptions.rb:30:in `call'
  railties (4.0.2) lib/rails/rack/logger.rb:38:in `call_app'
  railties (4.0.2) lib/rails/rack/logger.rb:20:in `block in call'
  activesupport (4.0.2) lib/active_support/tagged_logging.rb:67:in `block in tagged'
  activesupport (4.0.2) lib/active_support/tagged_logging.rb:25:in `tagged'
  activesupport (4.0.2) lib/active_support/tagged_logging.rb:67:in `tagged'
  railties (4.0.2) lib/rails/rack/logger.rb:20:in `call'
  actionpack (4.0.2) lib/action_dispatch/middleware/request_id.rb:21:in `call'
  rack (1.5.2) lib/rack/methodoverride.rb:21:in `call'
  rack (1.5.2) lib/rack/runtime.rb:17:in `call'
  activesupport (4.0.2) lib/active_support/cache/strategy/local_cache.rb:83:in `call'
  rack (1.5.2) lib/rack/sendfile.rb:112:in `call'
  railties (4.0.2) lib/rails/engine.rb:511:in `call'
  railties (4.0.2) lib/rails/application.rb:97:in `call'
  rack (1.5.2) lib/rack/lock.rb:17:in `call'
  rack (1.5.2) lib/rack/content_length.rb:14:in `call'
  rack (1.5.2) lib/rack/handler/webrick.rb:60:in `service'
  /home/sreenivas/.rvm/rubies/ruby-2.0.0-p353/lib/ruby/2.0.0/webrick/httpserver.rb:138:in `service'
  /home/sreenivas/.rvm/rubies/ruby-2.0.0-p353/lib/ruby/2.0.0/webrick/httpserver.rb:94:in `run'
  /home/sreenivas/.rvm/rubies/ruby-2.0.0-p353/lib/ruby/2.0.0/webrick/server.rb:295:in `block in start_thread'


I, [2014-01-16T21:29:30.982655 #9806]  INFO -- : Started GET "/images/rails.png" for 127.0.0.1 at 2014-01-16 21:29:30 +0530
F, [2014-01-16T21:29:30.984722 #9806] FATAL -- : 
ActionController::RoutingError (No route matches [GET] "/images/rails.png"):
  actionpack (4.0.2) lib/action_dispatch/middleware/debug_exceptions.rb:21:in `call'
  actionpack (4.0.2) lib/action_dispatch/middleware/show_exceptions.rb:30:in `call'
  railties (4.0.2) lib/rails/rack/logger.rb:38:in `call_app'
  railties (4.0.2) lib/rails/rack/logger.rb:20:in `block in call'
  activesupport (4.0.2) lib/active_support/tagged_logging.rb:67:in `block in tagged'
  activesupport (4.0.2) lib/active_support/tagged_logging.rb:25:in `tagged'
  activesupport (4.0.2) lib/active_support/tagged_logging.rb:67:in `tagged'
  railties (4.0.2) lib/rails/rack/logger.rb:20:in `call'
  actionpack (4.0.2) lib/action_dispatch/middleware/request_id.rb:21:in `call'
  rack (1.5.2) lib/rack/methodoverride.rb:21:in `call'
  rack (1.5.2) lib/rack/runtime.rb:17:in `call'
  activesupport (4.0.2) lib/active_support/cache/strategy/local_cache.rb:83:in `call'
  rack (1.5.2) lib/rack/sendfile.rb:112:in `call'
  railties (4.0.2) lib/rails/engine.rb:511:in `call'
  railties (4.0.2) lib/rails/application.rb:97:in `call'
  rack (1.5.2) lib/rack/lock.rb:17:in `call'
  rack (1.5.2) lib/rack/content_length.rb:14:in `call'
  rack (1.5.2) lib/rack/handler/webrick.rb:60:in `service'
  /home/sreenivas/.rvm/rubies/ruby-2.0.0-p353/lib/ruby/2.0.0/webrick/httpserver.rb:138:in `service'
  /home/sreenivas/.rvm/rubies/ruby-2.0.0-p353/lib/ruby/2.0.0/webrick/httpserver.rb:94:in `run'
  /home/sreenivas/.rvm/rubies/ruby-2.0.0-p353/lib/ruby/2.0.0/webrick/server.rb:295:in `block in start_thread'


I, [2014-01-16T21:29:33.867520 #9806]  INFO -- : Started GET "/" for 127.0.0.1 at 2014-01-16 21:29:33 +0530
I, [2014-01-16T21:29:33.868976 #9806]  INFO -- : Processing by StaticPagesController#home as HTML
I, [2014-01-16T21:29:33.870185 #9806]  INFO -- :   Rendered static_pages/home.html.erb within layouts/application (0.3ms)
I, [2014-01-16T21:29:33.871196 #9806]  INFO -- :   Rendered layouts/_shim.html.erb (0.0ms)
I, [2014-01-16T21:29:33.871751 #9806]  INFO -- :   Rendered layouts/_header.html.erb (0.3ms)
I, [2014-01-16T21:29:33.872277 #9806]  INFO -- :   Rendered layouts/_footer.html.erb (0.2ms)
I, [2014-01-16T21:29:33.872698 #9806]  INFO -- : Completed 200 OK in 4ms (Views: 3.1ms | ActiveRecord: 0.0ms)
I, [2014-01-16T21:29:33.896389 #9806]  INFO -- : Started GET "/assets/application-bb7646d9ffeacfd960a576001feb8b35.css" for 127.0.0.1 at 2014-01-16 21:29:33 +0530
F, [2014-01-16T21:29:33.899844 #9806] FATAL -- : 
ActionController::RoutingError (No route matches [GET] "/assets/application-bb7646d9ffeacfd960a576001feb8b35.css"):
  actionpack (4.0.2) lib/action_dispatch/middleware/debug_exceptions.rb:21:in `call'
  actionpack (4.0.2) lib/action_dispatch/middleware/show_exceptions.rb:30:in `call'
  railties (4.0.2) lib/rails/rack/logger.rb:38:in `call_app'
  railties (4.0.2) lib/rails/rack/logger.rb:20:in `block in call'
  activesupport (4.0.2) lib/active_support/tagged_logging.rb:67:in `block in tagged'
  activesupport (4.0.2) lib/active_support/tagged_logging.rb:25:in `tagged'
  activesupport (4.0.2) lib/active_support/tagged_logging.rb:67:in `tagged'
  railties (4.0.2) lib/rails/rack/logger.rb:20:in `call'
  actionpack (4.0.2) lib/action_dispatch/middleware/request_id.rb:21:in `call'
  rack (1.5.2) lib/rack/methodoverride.rb:21:in `call'
  rack (1.5.2) lib/rack/runtime.rb:17:in `call'
  activesupport (4.0.2) lib/active_support/cache/strategy/local_cache.rb:83:in `call'
  rack (1.5.2) lib/rack/sendfile.rb:112:in `call'
  railties (4.0.2) lib/rails/engine.rb:511:in `call'
  railties (4.0.2) lib/rails/application.rb:97:in `call'
  rack (1.5.2) lib/rack/lock.rb:17:in `call'
  rack (1.5.2) lib/rack/content_length.rb:14:in `call'
  rack (1.5.2) lib/rack/handler/webrick.rb:60:in `service'
  /home/sreenivas/.rvm/rubies/ruby-2.0.0-p353/lib/ruby/2.0.0/webrick/httpserver.rb:138:in `service'
  /home/sreenivas/.rvm/rubies/ruby-2.0.0-p353/lib/ruby/2.0.0/webrick/httpserver.rb:94:in `run'
  /home/sreenivas/.rvm/rubies/ruby-2.0.0-p353/lib/ruby/2.0.0/webrick/server.rb:295:in `block in start_thread'


I, [2014-01-16T21:29:33.901102 #9806]  INFO -- : Started GET "/assets/application-203fa8a733a4359e772c926d75307182.js" for 127.0.0.1 at 2014-01-16 21:29:33 +0530
F, [2014-01-16T21:29:33.928225 #9806] FATAL -- : 
ActionController::RoutingError (No route matches [GET] "/assets/application-203fa8a733a4359e772c926d75307182.js"):
  actionpack (4.0.2) lib/action_dispatch/middleware/debug_exceptions.rb:21:in `call'
  actionpack (4.0.2) lib/action_dispatch/middleware/show_exceptions.rb:30:in `call'
  railties (4.0.2) lib/rails/rack/logger.rb:38:in `call_app'
  railties (4.0.2) lib/rails/rack/logger.rb:20:in `block in call'
  activesupport (4.0.2) lib/active_support/tagged_logging.rb:67:in `block in tagged'
  activesupport (4.0.2) lib/active_support/tagged_logging.rb:25:in `tagged'
  activesupport (4.0.2) lib/active_support/tagged_logging.rb:67:in `tagged'
  railties (4.0.2) lib/rails/rack/logger.rb:20:in `call'
  actionpack (4.0.2) lib/action_dispatch/middleware/request_id.rb:21:in `call'
  rack (1.5.2) lib/rack/methodoverride.rb:21:in `call'
  rack (1.5.2) lib/rack/runtime.rb:17:in `call'
  activesupport (4.0.2) lib/active_support/cache/strategy/local_cache.rb:83:in `call'
  rack (1.5.2) lib/rack/sendfile.rb:112:in `call'
  railties (4.0.2) lib/rails/engine.rb:511:in `call'
  railties (4.0.2) lib/rails/application.rb:97:in `call'
  rack (1.5.2) lib/rack/lock.rb:17:in `call'
  rack (1.5.2) lib/rack/content_length.rb:14:in `call'
  rack (1.5.2) lib/rack/handler/webrick.rb:60:in `service'
  /home/sreenivas/.rvm/rubies/ruby-2.0.0-p353/lib/ruby/2.0.0/webrick/httpserver.rb:138:in `service'
  /home/sreenivas/.rvm/rubies/ruby-2.0.0-p353/lib/ruby/2.0.0/webrick/httpserver.rb:94:in `run'
  /home/sreenivas/.rvm/rubies/ruby-2.0.0-p353/lib/ruby/2.0.0/webrick/server.rb:295:in `block in start_thread'


I, [2014-01-16T21:29:33.936260 #9806]  INFO -- : Started GET "/images/rails.png" for 127.0.0.1 at 2014-01-16 21:29:33 +0530
F, [2014-01-16T21:29:33.939610 #9806] FATAL -- : 
ActionController::RoutingError (No route matches [GET] "/images/rails.png"):
  actionpack (4.0.2) lib/action_dispatch/middleware/debug_exceptions.rb:21:in `call'
  actionpack (4.0.2) lib/action_dispatch/middleware/show_exceptions.rb:30:in `call'
  railties (4.0.2) lib/rails/rack/logger.rb:38:in `call_app'
  railties (4.0.2) lib/rails/rack/logger.rb:20:in `block in call'
  activesupport (4.0.2) lib/active_support/tagged_logging.rb:67:in `block in tagged'
  activesupport (4.0.2) lib/active_support/tagged_logging.rb:25:in `tagged'
  activesupport (4.0.2) lib/active_support/tagged_logging.rb:67:in `tagged'
  railties (4.0.2) lib/rails/rack/logger.rb:20:in `call'
  actionpack (4.0.2) lib/action_dispatch/middleware/request_id.rb:21:in `call'
  rack (1.5.2) lib/rack/methodoverride.rb:21:in `call'
  rack (1.5.2) lib/rack/runtime.rb:17:in `call'
  activesupport (4.0.2) lib/active_support/cache/strategy/local_cache.rb:83:in `call'
  rack (1.5.2) lib/rack/sendfile.rb:112:in `call'
  railties (4.0.2) lib/rails/engine.rb:511:in `call'
  railties (4.0.2) lib/rails/application.rb:97:in `call'
  rack (1.5.2) lib/rack/lock.rb:17:in `call'
  rack (1.5.2) lib/rack/content_length.rb:14:in `call'
  rack (1.5.2) lib/rack/handler/webrick.rb:60:in `service'
  /home/sreenivas/.rvm/rubies/ruby-2.0.0-p353/lib/ruby/2.0.0/webrick/httpserver.rb:138:in `service'
  /home/sreenivas/.rvm/rubies/ruby-2.0.0-p353/lib/ruby/2.0.0/webrick/httpserver.rb:94:in `run'
  /home/sreenivas/.rvm/rubies/ruby-2.0.0-p353/lib/ruby/2.0.0/webrick/server.rb:295:in `block in start_thread'


